\BOOKMARK [0][-]{chapter.1}{\376\377\137\025\212\000}{}% 1
\BOOKMARK [1][-]{section.1.1}{\376\377\200\003\150\070\145\271\137\017\123\312\142\020\176\351\147\204\142\020}{chapter.1}% 2
\BOOKMARK [1][-]{section.1.2}{\376\377\131\047\117\134\116\032}{chapter.1}% 3
\BOOKMARK [2][-]{subsection.1.2.1}{\376\377\121\205\133\271\116\016\137\142\137\017}{section.1.2}% 4
\BOOKMARK [2][-]{subsection.1.2.2}{\376\377\150\074\137\017}{section.1.2}% 5
\BOOKMARK [0][-]{chapter.2}{\376\377\176\277\140\047\211\304\122\022}{}% 6
\BOOKMARK [1][-]{section.2.1}{\376\377\176\277\140\047\211\304\122\022\225\356\230\230}{chapter.2}% 7
\BOOKMARK [2][-]{subsection.2.1.1}{\376\377\176\277\140\047\211\304\122\022\225\356\230\230\166\204\133\232\116\111}{section.2.1}% 8
\BOOKMARK [2][-]{subsection.2.1.2}{\376\377\176\277\140\047\211\304\122\022\225\356\230\230\166\204\126\376\211\343\154\325\154\102\211\343}{section.2.1}% 9
\BOOKMARK [1][-]{section.2.2}{\376\377\176\277\140\047\211\304\122\022\225\356\230\230\166\204\145\160\133\146\152\041\127\213}{chapter.2}% 10
\BOOKMARK [1][-]{section.2.3}{\376\377\176\277\140\047\211\304\122\022\211\343\166\204\127\372\147\054\151\202\137\365\116\016\127\372\147\054\164\006\213\272}{chapter.2}% 11
\BOOKMARK [2][-]{subsection.2.3.1}{\376\377\211\343}{section.2.3}% 12
\BOOKMARK [2][-]{subsection.2.3.2}{\376\377\127\372}{section.2.3}% 13
\BOOKMARK [2][-]{subsection.2.3.3}{\376\377\127\372\211\343}{section.2.3}% 14
\BOOKMARK [2][-]{subsection.2.3.4}{\376\377\176\277\140\047\211\304\122\022\166\204\121\340\116\052\221\315\211\201\133\232\164\006}{section.2.3}% 15
\BOOKMARK [1][-]{section.2.4}{\376\377\176\277\140\047\211\304\122\022\154\102\211\343\166\204\123\125\176\257\137\142\154\325}{chapter.2}% 16
\BOOKMARK [2][-]{subsection.2.4.1}{\376\377\122\035\131\313\127\372\123\357\210\114\211\343\166\204\170\156\133\232}{section.2.4}% 17
\BOOKMARK [2][-]{subsection.2.4.2}{\376\377\133\373\142\176\123\346\116\000\116\052\127\372\123\357\210\114\211\343\377\032\127\372\123\330\143\142\154\325}{section.2.4}% 18
\BOOKMARK [2][-]{subsection.2.4.3}{\376\377\147\000\117\030\140\047\150\300\232\214\145\271\154\325}{section.2.4}% 19
\BOOKMARK [1][-]{section.2.5}{\376\377\176\277\140\047\211\304\122\022\225\356\230\230\166\204\160\165\145\117\136\246\122\006\147\220}{chapter.2}% 20
\BOOKMARK [1][-]{section.2.6}{\376\377\136\224\165\050\150\110\117\213\122\006\147\220}{chapter.2}% 21
\BOOKMARK [2][-]{subsection.2.6.1}{\376\377\116\013\145\231\225\356\230\230}{section.2.6}% 22
\BOOKMARK [2][-]{subsection.2.6.2}{\376\377\217\336\176\355\142\225\215\104\225\356\230\230}{section.2.6}% 23
\BOOKMARK [1][-]{section.2.7}{\376\377\173\054\116\214\172\340\117\134\116\032}{chapter.2}% 24
\BOOKMARK [2][-]{subsection.2.7.1}{\376\377\221\115\231\020\225\356\230\230}{section.2.7}% 25
\BOOKMARK [2][-]{subsection.2.7.2}{\376\377\142\030\165\145\217\160\160\270\225\356\230\230}{section.2.7}% 26
\BOOKMARK [0][-]{chapter.3}{\376\377\217\320\217\223\211\304\122\022}{}% 27
\BOOKMARK [1][-]{section.3.1}{\376\377\217\320\217\223\225\356\230\230}{chapter.3}% 28
\BOOKMARK [2][-]{subsection.3.1.1}{\376\377\116\247\225\000\136\163\210\141}{section.3.1}% 29
\BOOKMARK [2][-]{subsection.3.1.2}{\376\377\116\247\225\000\116\015\136\163\210\141}{section.3.1}% 30
\BOOKMARK [0][-]{chapter.4}{\376\377\145\164\145\160\211\304\122\022}{}% 31
\BOOKMARK [1][-]{section.4.1}{\376\377\145\164\145\160\211\304\122\022\225\356\230\230\116\016\145\160\133\146\152\041\127\213}{chapter.4}% 32
\BOOKMARK [2][-]{subsection.4.1.1}{\376\377\145\164\145\160\211\304\122\022\225\356\230\230\166\204\133\232\116\111}{section.4.1}% 33
\BOOKMARK [2][-]{subsection.4.1.2}{\376\377\145\164\145\160\211\304\122\022\225\356\230\230\166\204\145\160\133\146\152\041\127\213}{section.4.1}% 34
\BOOKMARK [1][-]{section.4.2}{\376\377\116\000\202\054\145\164\145\160\211\304\122\022\166\204\154\102\211\343\145\271\154\325\040\024\122\006\147\235\133\232\165\114\154\325}{chapter.4}% 35
\BOOKMARK [1][-]{section.4.3}{\376\377\0000\000-\0001\211\304\122\022\123\312\121\166\154\102\211\343\145\271\154\325}{chapter.4}% 36
\BOOKMARK [2][-]{subsection.4.3.1}{\376\377\0000\000-\0001\211\304\122\022\166\204\133\232\116\111\124\214\145\160\133\146\152\041\127\213}{section.4.3}% 37
\BOOKMARK [2][-]{subsection.4.3.2}{\376\377\0000\000-\0001\211\304\122\022\166\204\117\213\230\230}{section.4.3}% 38
\BOOKMARK [2][-]{subsection.4.3.3}{\376\377\0000\000-\0001\211\304\122\022\166\204\154\102\211\343}{section.4.3}% 39
\BOOKMARK [1][-]{section.4.4}{\376\377\150\110\117\213\122\006\147\220}{chapter.4}% 40
\BOOKMARK [1][-]{section.4.5}{\376\377\173\054\126\333\172\340\117\134\116\032}{chapter.4}% 41
\BOOKMARK [2][-]{subsection.4.5.1}{\376\377\217\146\225\364\165\037\116\247\225\356\230\230\377\010\122\006\147\235\133\232\165\114\154\325\377\011}{section.4.5}% 42
\BOOKMARK [2][-]{subsection.4.5.2}{\376\377\145\305\210\114\200\005\200\314\123\005\225\356\230\230\377\010\0000\000-\0001\211\304\122\022\377\011}{section.4.5}% 43
\BOOKMARK [0][-]{chapter.5}{\376\377\227\136\176\277\140\047\211\304\122\022}{}% 44
\BOOKMARK [1][-]{section.5.1}{\376\377\227\136\176\277\140\047\211\304\122\022\225\356\230\230\116\016\145\160\133\146\152\041\127\213}{chapter.5}% 45
\BOOKMARK [2][-]{subsection.5.1.1}{\376\377\227\136\176\277\140\047\211\304\122\022\225\356\230\230\166\204\133\232\116\111}{section.5.1}% 46
\BOOKMARK [2][-]{subsection.5.1.2}{\376\377\227\136\176\277\140\047\211\304\122\022\225\356\230\230\166\204\145\160\133\146\152\041\127\213}{section.5.1}% 47
\BOOKMARK [2][-]{subsection.5.1.3}{\376\377\154\102\211\343\227\136\176\277\140\047\211\304\122\022\225\356\230\230\166\204\211\343\147\220\154\325}{section.5.1}% 48
\BOOKMARK [2][-]{subsection.5.1.4}{\376\377\154\102\211\343\227\136\176\277\140\047\211\304\122\022\225\356\230\230\166\204\145\160\120\074\154\325}{section.5.1}% 49
\BOOKMARK [1][-]{section.5.2}{\376\377\145\340\176\246\147\137\227\136\176\277\140\047\211\304\122\022\225\356\230\230\166\204\211\343}{chapter.5}% 50
\BOOKMARK [1][-]{section.5.3}{\376\377\176\246\147\137\227\136\176\277\140\047\211\304\122\022\225\356\230\230\377\010\176\246\147\137\147\201\120\074\225\356\230\230\377\011}{chapter.5}% 51
\BOOKMARK [1][-]{section.5.4}{\376\377\150\110\117\213\122\006\147\220}{chapter.5}% 52
